<?xml version="1.0" encoding="UTF-8"?>
<testsuite name="Cucumber" time="141.246" tests="8" skipped="0" failures="2" errors="0">
<testcase classname="Test the Add to car functionality of Swag Labs" name="Test the Add to cart adding products" time="19.267">
<system-out><![CDATA[
Given User is on home page..................................................passed
When User click on Swag Lab Bag to veiw product details.....................passed
And Click on Add To cart button.............................................passed
Then User able to add products in Add to cart...............................passed
]]></system-out>
</testcase>
<testcase classname="Test the Checkout functionality of Swag Labs" name="Test the valid Checkout" time="17.638">
<system-out><![CDATA[
Given User is on add to cart page...........................................passed
When User click on checkout butoon..........................................passed
And User enters FirstName, LastName and Address.............................passed
And User click on finish button.............................................passed
Then User Completed ordering product........................................passed
]]></system-out>
</testcase>
<testcase classname="Test the login functionality of Swag Labs" name="Test the valid login - Example #1.1" time="17.73">
<system-out><![CDATA[
Given user is on login page.................................................passed
When user enters standard_user and secret_sauce.............................passed
And click on login button...................................................passed
Then user should land on Home page..........................................passed
]]></system-out>
</testcase>
<testcase classname="Test the login functionality of Swag Labs" name="Test the valid login - Example #1.2" time="13.956">
<failure type="junit.framework.ComparisonFailure" message="expected:&lt;...//www.saucedemo.com/[inventory.html]&gt; but was:&lt;...//www.saucedemo.com/[]&gt;">
<![CDATA[junit.framework.ComparisonFailure: expected:<...//www.saucedemo.com/[inventory.html]> but was:<...//www.saucedemo.com/[]>
	at junit.framework.Assert.assertEquals(Assert.java:100)
	at junit.framework.Assert.assertEquals(Assert.java:107)
	at com.stepDefination.LoginSteps.user_should_land_on_home_page(LoginSteps.java:51)
	at ✽.user should land on Home page(file:///C:/Users/yogit/eclipse-workspace/SwagLabsCucumberProject/src/test/resources/SwagLabsFeatures/LoginSwagLab.feature:7)
]]>
</failure>
<system-out><![CDATA[
Given user is on login page.................................................passed
When user enters locked_out_user and secret_sauce...........................passed
And click on login button...................................................passed
Then user should land on Home page..........................................failed
]]></system-out>
</testcase>
<testcase classname="Test the login functionality of Swag Labs" name="Test the valid login - Example #1.3" time="17.639">
<system-out><![CDATA[
Given user is on login page.................................................passed
When user enters problem_user and secret_sauce..............................passed
And click on login button...................................................passed
Then user should land on Home page..........................................passed
]]></system-out>
</testcase>
<testcase classname="Test the login functionality of Swag Labs" name="Test the valid login - Example #1.4" time="22.373">
<system-out><![CDATA[
Given user is on login page.................................................passed
When user enters performance_glitch_user and secret_sauce...................passed
And click on login button...................................................passed
Then user should land on Home page..........................................passed
]]></system-out>
</testcase>
<testcase classname="Test the login functionality of Swag Labs" name="Test the valid login - Example #1.5" time="18.176">
<system-out><![CDATA[
Given user is on login page.................................................passed
When user enters error_user and secret_sauce................................passed
And click on login button...................................................passed
Then user should land on Home page..........................................passed
]]></system-out>
</testcase>
<testcase classname="Test the login functionality of Swag Labs" name="Test the valid login - Example #1.6" time="13.852">
<failure type="junit.framework.ComparisonFailure" message="expected:&lt;...//www.saucedemo.com/[inventory.html]&gt; but was:&lt;...//www.saucedemo.com/[]&gt;">
<![CDATA[junit.framework.ComparisonFailure: expected:<...//www.saucedemo.com/[inventory.html]> but was:<...//www.saucedemo.com/[]>
	at junit.framework.Assert.assertEquals(Assert.java:100)
	at junit.framework.Assert.assertEquals(Assert.java:107)
	at com.stepDefination.LoginSteps.user_should_land_on_home_page(LoginSteps.java:51)
	at ✽.user should land on Home page(file:///C:/Users/yogit/eclipse-workspace/SwagLabsCucumberProject/src/test/resources/SwagLabsFeatures/LoginSwagLab.feature:7)
]]>
</failure>
<system-out><![CDATA[
Given user is on login page.................................................passed
When user enters visual_user and secret_....................................passed
And click on login button...................................................passed
Then user should land on Home page..........................................failed
]]></system-out>
</testcase>
</testsuite>
